#
# There is insufficient memory for the Java Runtime Environment to continue.
# Native memory allocation (mmap) failed to map 1933312 bytes for G1 virtual space
# Possible reasons:
#   The system is out of physical RAM or swap space
#   The process is running with CompressedOops enabled, and the Java Heap may be blocking the growth of the native heap
# Possible solutions:
#   Reduce memory load on the system
#   Increase physical memory or swap space
#   Check if swap backing store is full
#   Decrease Java heap size (-Xmx/-Xms)
#   Decrease number of Java threads
#   Decrease Java thread stack sizes (-Xss)
#   Set larger code cache with -XX:ReservedCodeCacheSize=
#   JVM is running with Unscaled Compressed Oops mode in which the Java heap is
#     placed in the first 4GB address space. The Java Heap base address is the
#     maximum limit for the native heap growth. Please use -XX:HeapBaseMinAddress
#     to set the Java Heap base and to place the Java Heap above 4GB virtual address.
# This output file may be truncated or incomplete.
#
#  Out of Memory Error (os_windows.cpp:3617), pid=10660, tid=22760
#
# JRE version:  (17.0.8.1+1) (build )
# Java VM: OpenJDK 64-Bit Server VM (17.0.8.1+1, mixed mode, sharing, tiered, compressed oops, compressed class ptrs, g1 gc, windows-amd64)
# No core dump will be written. Minidumps are not enabled by default on client versions of Windows
#

---------------  S U M M A R Y ------------

Command Line: --add-opens=java.base/java.lang=ALL-UNNAMED --add-opens=java.base/java.io=ALL-UNNAMED --add-opens=java.base/java.util=ALL-UNNAMED -Dplugin.dir=C:\Users\Sunil Sorthiya\.vscode\extensions\redhat.java-1.23.0-win32-x64\server\..\..\vscjava.vscode-gradle-3.13.0\server\plugins com.microsoft.java.bs.core.Launcher

Host: AMD Ryzen 5 5600H with Radeon Graphics         , 12 cores, 7G,  Windows 11 , 64 bit Build 22621 (10.0.22621.2199)
Time: Mon Oct 23 13:10:37 2023 India Standard Time elapsed time: 0.021900 seconds (0d 0h 0m 0s)

---------------  T H R E A D  ---------------

Current thread (0x000001cd65ad8ef0):  JavaThread "Unknown thread" [_thread_in_vm, id=22760, stack(0x0000004ebad00000,0x0000004ebae00000)]

Stack: [0x0000004ebad00000,0x0000004ebae00000]
Native frames: (J=compiled Java code, j=interpreted, Vv=VM code, C=native code)
V  [jvm.dll+0x678b0a]
V  [jvm.dll+0x835e84]
V  [jvm.dll+0x83762e]
V  [jvm.dll+0x837c93]
V  [jvm.dll+0x24746f]
V  [jvm.dll+0x675859]
V  [jvm.dll+0x66a0ea]
V  [jvm.dll+0x306c7b]
V  [jvm.dll+0x30e166]
V  [jvm.dll+0x35dd68]
V  [jvm.dll+0x35df6f]
V  [jvm.dll+0x2ddb48]
V  [jvm.dll+0x2deab4]
V  [jvm.dll+0x807f31]
V  [jvm.dll+0x36bb21]
V  [jvm.dll+0x7e733c]
V  [jvm.dll+0x3ee4af]
V  [jvm.dll+0x3f00c1]
C  [jli.dll+0x528b]
C  [ucrtbase.dll+0x29363]
C  [KERNEL32.DLL+0x1257d]
C  [ntdll.dll+0x5aa78]


---------------  P R O C E S S  ---------------

Threads class SMR info:
_java_thread_list=0x00007ffb499ea018, length=0, elements={
}

Java Threads: ( => current thread )

Other Threads:
  0x000001cd65b32c00 GCTaskThread "GC Thread#0" [stack: 0x0000004ebae00000,0x0000004ebaf00000] [id=14860]
  0x000001cd65b424a0 ConcurrentGCThread "G1 Main Marker" [stack: 0x0000004ebaf00000,0x0000004ebb000000] [id=16132]
  0x000001cd65b43460 ConcurrentGCThread "G1 Conc#0" [stack: 0x0000004ebb000000,0x0000004ebb100000] [id=12232]

[error occurred during error reporting (printing all threads), id 0xc0000005, EXCEPTION_ACCESS_VIOLATION (0xc0000005) at pc=0x00007ffb491be587]

VM state: not at safepoint (not fully initialized)

VM Mutex/Monitor currently owned by a thread:  ([mutex/lock_event])
[0x000001cd65ad4a20] Heap_lock - owner thread: 0x000001cd65ad8ef0

Heap address: 0x000000008a600000, size: 1882 MB, Compressed Oops mode: 32-bit

CDS archive(s) mapped at: [0x0000000000000000-0x0000000000000000-0x0000000000000000), size 0, SharedBaseAddress: 0x0000000800000000, ArchiveRelocationMode: 1.
Narrow klass base: 0x0000000000000000, Narrow klass shift: 0, Narrow klass range: 0x0

GC Precious Log:
<Empty>

Heap:
 garbage-first heap   total 0K, used 0K [0x000000008a600000, 0x0000000100000000)
  region size 1024K, 0 young (0K), 0 survivors (0K)

[error occurred during error reporting (printing heap information), id 0xc0000005, EXCEPTION_ACCESS_VIOLATION (0xc0000005) at pc=0x00007ffb495a2699]

GC Heap History (0 events):
No events

Dll operation events (1 events):
Event: 0.011 Loaded shared library C:\Users\Sunil Sorthiya\.vscode\extensions\redhat.java-1.23.0-win32-x64\jre\17.0.8.1-win32-x86_64\bin\java.dll

Deoptimization events (0 events):
No events

Classes unloaded (0 events):
No events

Classes redefined (0 events):
No events

Internal exceptions (0 events):
No events

VM Operations (0 events):
No events

Events (0 events):
No events


Dynamic libraries:
0x00007ff7567f0000 - 0x00007ff7567fe000 	C:\Users\Sunil Sorthiya\.vscode\extensions\redhat.java-1.23.0-win32-x64\jre\17.0.8.1-win32-x86_64\bin\java.exe
0x00007ffbc04d0000 - 0x00007ffbc06e7000 	C:\WINDOWS\SYSTEM32\ntdll.dll
0x00007ffbbecd0000 - 0x00007ffbbed94000 	C:\WINDOWS\System32\KERNEL32.DLL
0x00007ffbbd8c0000 - 0x00007ffbbdc66000 	C:\WINDOWS\System32\KERNELBASE.dll
0x00007ffbbdd10000 - 0x00007ffbbde21000 	C:\WINDOWS\System32\ucrtbase.dll
0x00007ffba6d20000 - 0x00007ffba6d39000 	C:\Users\Sunil Sorthiya\.vscode\extensions\redhat.java-1.23.0-win32-x64\jre\17.0.8.1-win32-x86_64\bin\VCRUNTIME140.dll
0x00007ffbac6e0000 - 0x00007ffbac6f7000 	C:\Users\Sunil Sorthiya\.vscode\extensions\redhat.java-1.23.0-win32-x64\jre\17.0.8.1-win32-x86_64\bin\jli.dll
0x00007ffbbefb0000 - 0x00007ffbbf15e000 	C:\WINDOWS\System32\USER32.dll
0x00007ffba29e0000 - 0x00007ffba2c73000 	C:\WINDOWS\WinSxS\amd64_microsoft.windows.common-controls_6595b64144ccf1df_6.0.22621.2191_none_2715cffb738043a6\COMCTL32.dll
0x00007ffbbde30000 - 0x00007ffbbde56000 	C:\WINDOWS\System32\win32u.dll
0x00007ffbbf380000 - 0x00007ffbbf427000 	C:\WINDOWS\System32\msvcrt.dll
0x00007ffbbe240000 - 0x00007ffbbe269000 	C:\WINDOWS\System32\GDI32.dll
0x00007ffbbdfa0000 - 0x00007ffbbe0b8000 	C:\WINDOWS\System32\gdi32full.dll
0x00007ffbbdc70000 - 0x00007ffbbdd0a000 	C:\WINDOWS\System32\msvcp_win.dll
0x00007ffbbe550000 - 0x00007ffbbe581000 	C:\WINDOWS\System32\IMM32.DLL
0x00007ffbb4210000 - 0x00007ffbb421c000 	C:\Users\Sunil Sorthiya\.vscode\extensions\redhat.java-1.23.0-win32-x64\jre\17.0.8.1-win32-x86_64\bin\vcruntime140_1.dll
0x00007ffb92f00000 - 0x00007ffb92f91000 	C:\Users\Sunil Sorthiya\.vscode\extensions\redhat.java-1.23.0-win32-x64\jre\17.0.8.1-win32-x86_64\bin\msvcp140.dll
0x00007ffb48ed0000 - 0x00007ffb49b1c000 	C:\Users\Sunil Sorthiya\.vscode\extensions\redhat.java-1.23.0-win32-x64\jre\17.0.8.1-win32-x86_64\bin\server\jvm.dll
0x00007ffbbe480000 - 0x00007ffbbe530000 	C:\WINDOWS\System32\ADVAPI32.dll
0x00007ffbbe700000 - 0x00007ffbbe7a6000 	C:\WINDOWS\System32\sechost.dll
0x00007ffbbf160000 - 0x00007ffbbf277000 	C:\WINDOWS\System32\RPCRT4.dll
0x00007ffb8b100000 - 0x00007ffb8b109000 	C:\WINDOWS\SYSTEM32\WSOCK32.dll
0x00007ffbb54e0000 - 0x00007ffbb5514000 	C:\WINDOWS\SYSTEM32\WINMM.dll
0x00007ffbbe680000 - 0x00007ffbbe6f1000 	C:\WINDOWS\System32\WS2_32.dll
0x00007ffbbd720000 - 0x00007ffbbd76d000 	C:\WINDOWS\SYSTEM32\POWRPROF.dll
0x00007ffbb4420000 - 0x00007ffbb442a000 	C:\WINDOWS\SYSTEM32\VERSION.dll
0x00007ffbbd700000 - 0x00007ffbbd713000 	C:\WINDOWS\SYSTEM32\UMPDC.dll
0x00007ffbbc7f0000 - 0x00007ffbbc808000 	C:\WINDOWS\SYSTEM32\kernel.appcore.dll
0x00007ffbb4160000 - 0x00007ffbb416a000 	C:\Users\Sunil Sorthiya\.vscode\extensions\redhat.java-1.23.0-win32-x64\jre\17.0.8.1-win32-x86_64\bin\jimage.dll
0x00007ffba9d00000 - 0x00007ffba9f2e000 	C:\WINDOWS\SYSTEM32\DBGHELP.DLL
0x00007ffbbfc90000 - 0x00007ffbc001a000 	C:\WINDOWS\System32\combase.dll
0x00007ffbbedd0000 - 0x00007ffbbeea7000 	C:\WINDOWS\System32\OLEAUT32.dll
0x00007ffba2fa0000 - 0x00007ffba2fd2000 	C:\WINDOWS\SYSTEM32\dbgcore.DLL
0x00007ffbbdf20000 - 0x00007ffbbdf9a000 	C:\WINDOWS\System32\bcryptPrimitives.dll
0x00007ffba5ec0000 - 0x00007ffba5ee5000 	C:\Users\Sunil Sorthiya\.vscode\extensions\redhat.java-1.23.0-win32-x64\jre\17.0.8.1-win32-x86_64\bin\java.dll

dbghelp: loaded successfully - version: 4.0.5 - missing functions: none
symbol engine: initialized successfully - sym options: 0x614 - pdb path: .;C:\Users\Sunil Sorthiya\.vscode\extensions\redhat.java-1.23.0-win32-x64\jre\17.0.8.1-win32-x86_64\bin;C:\WINDOWS\SYSTEM32;C:\WINDOWS\WinSxS\amd64_microsoft.windows.common-controls_6595b64144ccf1df_6.0.22621.2191_none_2715cffb738043a6;C:\Users\Sunil Sorthiya\.vscode\extensions\redhat.java-1.23.0-win32-x64\jre\17.0.8.1-win32-x86_64\bin\server

VM Arguments:
jvm_args: --add-opens=java.base/java.lang=ALL-UNNAMED --add-opens=java.base/java.io=ALL-UNNAMED --add-opens=java.base/java.util=ALL-UNNAMED -Dplugin.dir=C:\Users\Sunil Sorthiya\.vscode\extensions\redhat.java-1.23.0-win32-x64\server\..\..\vscjava.vscode-gradle-3.13.0\server\plugins 
java_command: com.microsoft.java.bs.core.Launcher
java_class_path (initial): C:\Users\Sunil Sorthiya\.vscode\extensions\redhat.java-1.23.0-win32-x64\server\..\..\vscjava.vscode-gradle-3.13.0\server\server.jar;C:\Users\Sunil Sorthiya\.vscode\extensions\redhat.java-1.23.0-win32-x64\server\..\..\vscjava.vscode-gradle-3.13.0\server\runtime\bsp4j-2.1.0-M4.jar;C:\Users\Sunil Sorthiya\.vscode\extensions\redhat.java-1.23.0-win32-x64\server\..\..\vscjava.vscode-gradle-3.13.0\server\runtime\checker-qual-3.5.0.jar;C:\Users\Sunil Sorthiya\.vscode\extensions\redhat.java-1.23.0-win32-x64\server\..\..\vscjava.vscode-gradle-3.13.0\server\runtime\commons-lang3-3.13.0.jar;C:\Users\Sunil Sorthiya\.vscode\extensions\redhat.java-1.23.0-win32-x64\server\..\..\vscjava.vscode-gradle-3.13.0\server\runtime\error_prone_annotations-2.3.4.jar;C:\Users\Sunil Sorthiya\.vscode\extensions\redhat.java-1.23.0-win32-x64\server\..\..\vscjava.vscode-gradle-3.13.0\server\runtime\failureaccess-1.0.1.jar;C:\Users\Sunil Sorthiya\.vscode\extensions\redhat.java-1.23.0-win32-x64\server\..\..\vscjava.vscode-gradle-3.13.0\server\runtime\gradle-tooling-api-8.1.1.jar;C:\Users\Sunil Sorthiya\.vscode\extensions\redhat.java-1.23.0-win32-x64\server\..\..\vscjava.vscode-gradle-3.13.0\server\runtime\gson-2.9.1.jar;C:\Users\Sunil Sorthiya\.vscode\extensions\redhat.java-1.23.0-win32-x64\server\..\..\vscjava.vscode-gradle-3.13.0\server\runtime\guava-30.1-jre.jar;C:\Users\Sunil Sorthiya\.vscode\extensions\redhat.java-1.23.0-win32-x64\server\..\..\vscjava.vscode-gradle-3.13.0\server\runtime\j2objc-annotations-1.3.jar;C:\Users\Sunil Sorthiya\.vscode\extensions\redhat.java-1.23.0-win32-x64\server\..\..\vscjava.vscode-gradle-3.13.0\server\runtime\jsr305-3.0.2.jar;C:\Users\Sunil Sorthiya\.vscode\extensions\redhat.java-1.23.0-win32-x64\server\..\..\vscjava.vscode-gradle-3.13.0\server\runtime\listenablefuture-9999.0-empty-to-avoid-conflict-with-guava.jar;C:\Users\Sunil Sorthiya\.vscode\extensions\redhat.java-1.23.0-win32-x64\server\..\..\vscjava.vscode-gradle-3.13.0\server\runt
Launcher Type: SUN_STANDARD

[Global flags]
     intx CICompilerCount                          = 4                                         {product} {ergonomic}
     uint ConcGCThreads                            = 3                                         {product} {ergonomic}
     uint G1ConcRefinementThreads                  = 10                                        {product} {ergonomic}
   size_t G1HeapRegionSize                         = 1048576                                   {product} {ergonomic}
    uintx GCDrainStackTargetSize                   = 64                                        {product} {ergonomic}
   size_t InitialHeapSize                          = 123731968                                 {product} {ergonomic}
   size_t MarkStackSize                            = 4194304                                   {product} {ergonomic}
   size_t MaxHeapSize                              = 1973420032                                {product} {ergonomic}
   size_t MinHeapDeltaBytes                        = 1048576                                   {product} {ergonomic}
   size_t MinHeapSize                              = 8388608                                   {product} {ergonomic}
    uintx NonNMethodCodeHeapSize                   = 5839372                                {pd product} {ergonomic}
    uintx NonProfiledCodeHeapSize                  = 122909434                              {pd product} {ergonomic}
    uintx ProfiledCodeHeapSize                     = 122909434                              {pd product} {ergonomic}
    uintx ReservedCodeCacheSize                    = 251658240                              {pd product} {ergonomic}
     bool SegmentedCodeCache                       = true                                      {product} {ergonomic}
   size_t SoftMaxHeapSize                          = 1973420032                             {manageable} {ergonomic}
     bool UseCompressedClassPointers               = true                           {product lp64_product} {ergonomic}
     bool UseCompressedOops                        = true                           {product lp64_product} {ergonomic}
     bool UseG1GC                                  = true                                      {product} {ergonomic}
     bool UseLargePagesIndividualAllocation        = false                                  {pd product} {ergonomic}

Logging:
Log output configuration:
 #0: stdout all=warning uptime,level,tags
 #1: stderr all=off uptime,level,tags

Environment Variables:
PATH=C:\Program Files (x86)\Common Files\Oracle\Java\javapath;C:\windows\system32;C:\windows;C:\windows\System32\Wbem;C:\windows\System32\WindowsPowerShell\v1.0\;C:\windows\System32\OpenSSH\;C:\Program Files (x86)\NVIDIA Corporation\PhysX\Common;C:\Program Files\NVIDIA Corporation\NVIDIA NvDLISR;C:\WINDOWS\system32;C:\WINDOWS;C:\WINDOWS\System32\Wbem;C:\WINDOWS\System32\WindowsPowerShell\v1.0\;C:\WINDOWS\System32\OpenSSH\;C:\Program Files\Java\jdk-11.0.1\bin;C:\Program Files\PuTTY\;C:\xampp\php;C:\ProgramData\ComposerSetup\bin;C:\Program Files\Microsoft SQL Server\150\Tools\Binn\;C:\Program Files\Microsoft SQL Server\Client SDK\ODBC\170\Tools\Binn\;C:\Program Files\dotnet\;C:\Program Files\Git\cmd;C:\Users\Sunil Sorthiya\AppData\Local\Programs\Python\Python311\Scripts\;C:\Users\Sunil Sorthiya\AppData\Local\Programs\Python\Python311\;C:\Users\Sunil Sorthiya\AppData\Local\Programs\Python\Python310\Scripts\;C:\Users\Sunil Sorthiya\AppData\Local\Programs\Python\Python310\;C:\Users\Sunil Sorthiya\AppData\Local\Microsoft\WindowsApps;C:\Users\Sunil Sorthiya\AppData\Local\Programs\Microsoft VS Code\bin;C:\msys64\mingw64\bin;C:\Users\Sunil Sorthiya\AppData\Roaming\Composer\vendor\bin;D:\flutter_windows_3.10.5-stable\flutter\bin;C:\Users\Sunil Sorthiya\.dotnet\tools;D:\dartsdk-windows-x64-release\dart-sdk\bin;E:\Flutter5thSem\flutter_windows_3.13.8-stable\flutter\bin;
USERNAME=Sunil Sorthiya
OS=Windows_NT
PROCESSOR_IDENTIFIER=AMD64 Family 25 Model 80 Stepping 0, AuthenticAMD
TMP=C:\Users\SUNILS~1\AppData\Local\Temp
TEMP=C:\Users\SUNILS~1\AppData\Local\Temp



---------------  S Y S T E M  ---------------

OS:
 Windows 11 , 64 bit Build 22621 (10.0.22621.2199)
OS uptime: 15 days 9:37 hours
Hyper-V role detected

CPU: total 12 (initial active 12) (12 cores per cpu, 2 threads per core) family 25 model 80 stepping 0 microcode 0x0, cx8, cmov, fxsr, ht, mmx, 3dnowpref, sse, sse2, sse3, ssse3, sse4a, sse4.1, sse4.2, popcnt, lzcnt, tsc, tscinvbit, avx, avx2, aes, erms, clmul, bmi1, bmi2, adx, sha, fma, vzeroupper, clflush, clflushopt, hv
Processor Information for all 12 processors :
  Max Mhz: 3301, Current Mhz: 3301, Mhz Limit: 3301

Memory: 4k page, system-wide physical 7521M (199M free)
TotalPageFile size 26721M (AvailPageFile size 6M)
current process WorkingSet (physical memory assigned to process): 11M, peak: 11M
current process commit charge ("private bytes"): 184M, peak: 186M

vm_info: OpenJDK 64-Bit Server VM (17.0.8.1+1) for windows-amd64 JRE (17.0.8.1+1), built on Aug 23 2023 15:29:17 by "admin" with MS VC++ 16.7 (VS2019)

END.
